opath|/s4/home/nimr/ukpp/public_html/images/20211021/1634779150914
OPT|Done. 20211021101930
GETFILES|20211021101930
TOT|49
READ|20211021101930
LOAD|/s4/home/nimr/ukpp/KMAPP/PARL_TEST_REGION/DNSC/DAIO/202108240000/dnsc_2021082400_000_surf.nc
LOAD|/s4/home/nimr/ukpp/KMAPP/PARL_TEST_REGION/DNSC/DAIO/202108240000/dnsc_2021082400_001_surf.nc
LOAD|/s4/home/nimr/ukpp/KMAPP/PARL_TEST_REGION/DNSC/DAIO/202108240000/dnsc_2021082400_002_surf.nc
LOAD|/s4/home/nimr/ukpp/KMAPP/PARL_TEST_REGION/DNSC/DAIO/202108240000/dnsc_2021082400_003_surf.nc
ANAL|/s4/home/nimr/ukpp/KMAPP/PARL_TEST_REGION/DNSC/DAIO/202108240000/dnsc_2021082400_001_surf.nc
ANAL|/s4/home/nimr/ukpp/KMAPP/PARL_TEST_REGION/DNSC/DAIO/202108240000/dnsc_2021082400_002_surf.nc
ANAL|/s4/home/nimr/ukpp/KMAPP/PARL_TEST_REGION/DNSC/DAIO/202108240000/dnsc_2021082400_003_surf.nc
LOAD|/s4/home/nimr/ukpp/KMAPP/PARL_TEST_REGION/DNSC/DAIO/202108240000/dnsc_2021082400_024_surf.nc
LOAD|/s4/home/nimr/ukpp/KMAPP/PARL_TEST_REGION/DNSC/DAIO/202108240000/dnsc_2021082400_025_surf.nc
LOAD|/s4/home/nimr/ukpp/KMAPP/PARL_TEST_REGION/DNSC/DAIO/202108240000/dnsc_2021082400_027_surf.nc
LOAD|/s4/home/nimr/ukpp/KMAPP/PARL_TEST_REGION/DNSC/DAIO/202108240000/dnsc_2021082400_028_surf.nc
LOAD|/s4/home/nimr/ukpp/KMAPP/PARL_TEST_REGION/DNSC/DAIO/202108240000/dnsc_2021082400_023_surf.nc
LOAD|/s4/home/nimr/ukpp/KMAPP/PARL_TEST_REGION/DNSC/DAIO/202108240000/dnsc_2021082400_026_surf.nc
LOAD|/s4/home/nimr/ukpp/KMAPP/PARL_TEST_REGION/DNSC/DAIO/202108240000/dnsc_2021082400_012_surf.nc
LOAD|/s4/home/nimr/ukpp/KMAPP/PARL_TEST_REGION/DNSC/DAIO/202108240000/dnsc_2021082400_020_surf.nc
LOAD|/s4/home/nimr/ukpp/KMAPP/PARL_TEST_REGION/DNSC/DAIO/202108240000/dnsc_2021082400_018_surf.nc
LOAD|/s4/home/nimr/ukpp/KMAPP/PARL_TEST_REGION/DNSC/DAIO/202108240000/dnsc_2021082400_014_surf.nc
LOAD|/s4/home/nimr/ukpp/KMAPP/PARL_TEST_REGION/DNSC/DAIO/202108240000/dnsc_2021082400_013_surf.nc
LOAD|/s4/home/nimr/ukpp/KMAPP/PARL_TEST_REGION/DNSC/DAIO/202108240000/dnsc_2021082400_019_surf.nc
LOAD|/s4/home/nimr/ukpp/KMAPP/PARL_TEST_REGION/DNSC/DAIO/202108240000/dnsc_2021082400_021_surf.nc
LOAD|/s4/home/nimr/ukpp/KMAPP/PARL_TEST_REGION/DNSC/DAIO/202108240000/dnsc_2021082400_011_surf.nc
LOAD|/s4/home/nimr/ukpp/KMAPP/PARL_TEST_REGION/DNSC/DAIO/202108240000/dnsc_2021082400_017_surf.nc
LOAD|/s4/home/nimr/ukpp/KMAPP/PARL_TEST_REGION/DNSC/DAIO/202108240000/dnsc_2021082400_004_surf.nc
LOAD|/s4/home/nimr/ukpp/KMAPP/PARL_TEST_REGION/DNSC/DAIO/202108240000/dnsc_2021082400_007_surf.nc
LOAD|/s4/home/nimr/ukpp/KMAPP/PARL_TEST_REGION/DNSC/DAIO/202108240000/dnsc_2021082400_006_surf.nc
LOAD|/s4/home/nimr/ukpp/KMAPP/PARL_TEST_REGION/DNSC/DAIO/202108240000/dnsc_2021082400_016_surf.nc
LOAD|/s4/home/nimr/ukpp/KMAPP/PARL_TEST_REGION/DNSC/DAIO/202108240000/dnsc_2021082400_005_surf.nc
LOAD|/s4/home/nimr/ukpp/KMAPP/PARL_TEST_REGION/DNSC/DAIO/202108240000/dnsc_2021082400_010_surf.nc
LOAD|/s4/home/nimr/ukpp/KMAPP/PARL_TEST_REGION/DNSC/DAIO/202108240000/dnsc_2021082400_022_surf.nc
LOAD|/s4/home/nimr/ukpp/KMAPP/PARL_TEST_REGION/DNSC/DAIO/202108240000/dnsc_2021082400_008_surf.nc
LOAD|/s4/home/nimr/ukpp/KMAPP/PARL_TEST_REGION/DNSC/DAIO/202108240000/dnsc_2021082400_015_surf.nc
LOAD|/s4/home/nimr/ukpp/KMAPP/PARL_TEST_REGION/DNSC/DAIO/202108240000/dnsc_2021082400_029_surf.nc
LOAD|/s4/home/nimr/ukpp/KMAPP/PARL_TEST_REGION/DNSC/DAIO/202108240000/dnsc_2021082400_009_surf.nc
ANAL|/s4/home/nimr/ukpp/KMAPP/PARL_TEST_REGION/DNSC/DAIO/202108240000/dnsc_2021082400_025_surf.nc
ANAL|/s4/home/nimr/ukpp/KMAPP/PARL_TEST_REGION/DNSC/DAIO/202108240000/dnsc_2021082400_024_surf.nc
ANAL|/s4/home/nimr/ukpp/KMAPP/PARL_TEST_REGION/DNSC/DAIO/202108240000/dnsc_2021082400_026_surf.nc
ANAL|/s4/home/nimr/ukpp/KMAPP/PARL_TEST_REGION/DNSC/DAIO/202108240000/dnsc_2021082400_023_surf.nc
ANAL|/s4/home/nimr/ukpp/KMAPP/PARL_TEST_REGION/DNSC/DAIO/202108240000/dnsc_2021082400_017_surf.nc
ANAL|/s4/home/nimr/ukpp/KMAPP/PARL_TEST_REGION/DNSC/DAIO/202108240000/dnsc_2021082400_013_surf.nc
ANAL|/s4/home/nimr/ukpp/KMAPP/PARL_TEST_REGION/DNSC/DAIO/202108240000/dnsc_2021082400_018_surf.nc
ANAL|/s4/home/nimr/ukpp/KMAPP/PARL_TEST_REGION/DNSC/DAIO/202108240000/dnsc_2021082400_028_surf.nc
ANAL|/s4/home/nimr/ukpp/KMAPP/PARL_TEST_REGION/DNSC/DAIO/202108240000/dnsc_2021082400_016_surf.nc
ANAL|/s4/home/nimr/ukpp/KMAPP/PARL_TEST_REGION/DNSC/DAIO/202108240000/dnsc_2021082400_027_surf.nc
ANAL|/s4/home/nimr/ukpp/KMAPP/PARL_TEST_REGION/DNSC/DAIO/202108240000/dnsc_2021082400_021_surf.nc
ANAL|/s4/home/nimr/ukpp/KMAPP/PARL_TEST_REGION/DNSC/DAIO/202108240000/dnsc_2021082400_022_surf.nc
ANAL|/s4/home/nimr/ukpp/KMAPP/PARL_TEST_REGION/DNSC/DAIO/202108240000/dnsc_2021082400_020_surf.nc
ANAL|/s4/home/nimr/ukpp/KMAPP/PARL_TEST_REGION/DNSC/DAIO/202108240000/dnsc_2021082400_019_surf.nc
ANAL|/s4/home/nimr/ukpp/KMAPP/PARL_TEST_REGION/DNSC/DAIO/202108240000/dnsc_2021082400_015_surf.nc
ANAL|/s4/home/nimr/ukpp/KMAPP/PARL_TEST_REGION/DNSC/DAIO/202108240000/dnsc_2021082400_014_surf.nc
ANAL|/s4/home/nimr/ukpp/KMAPP/PARL_TEST_REGION/DNSC/DAIO/202108240000/dnsc_2021082400_012_surf.nc
ANAL|/s4/home/nimr/ukpp/KMAPP/PARL_TEST_REGION/DNSC/DAIO/202108240000/dnsc_2021082400_000_surf.nc
ANAL|/s4/home/nimr/ukpp/KMAPP/PARL_TEST_REGION/DNSC/DAIO/202108240000/dnsc_2021082400_008_surf.nc
ANAL|/s4/home/nimr/ukpp/KMAPP/PARL_TEST_REGION/DNSC/DAIO/202108240000/dnsc_2021082400_029_surf.nc
ANAL|/s4/home/nimr/ukpp/KMAPP/PARL_TEST_REGION/DNSC/DAIO/202108240000/dnsc_2021082400_010_surf.nc
ANAL|/s4/home/nimr/ukpp/KMAPP/PARL_TEST_REGION/DNSC/DAIO/202108240000/dnsc_2021082400_009_surf.nc
ANAL|/s4/home/nimr/ukpp/KMAPP/PARL_TEST_REGION/DNSC/DAIO/202108240000/dnsc_2021082400_011_surf.nc
ANAL|/s4/home/nimr/ukpp/KMAPP/PARL_TEST_REGION/DNSC/DAIO/202108240000/dnsc_2021082400_007_surf.nc
ANAL|/s4/home/nimr/ukpp/KMAPP/PARL_TEST_REGION/DNSC/DAIO/202108240000/dnsc_2021082400_006_surf.nc
ANAL|/s4/home/nimr/ukpp/KMAPP/PARL_TEST_REGION/DNSC/DAIO/202108240000/dnsc_2021082400_005_surf.nc
ANAL|/s4/home/nimr/ukpp/KMAPP/PARL_TEST_REGION/DNSC/DAIO/202108240000/dnsc_2021082400_004_surf.nc
IMG|/s4/home/nimr/ukpp/public_html/images/20211021/1634779150914/Seoul_visibility_surface_2021082400_020.1634779170.png
LOAD|/s4/home/nimr/ukpp/KMAPP/PARL_TEST_REGION/DNSC/DAIO/202108240000/dnsc_2021082400_030_surf.nc
ANAL|/s4/home/nimr/ukpp/KMAPP/PARL_TEST_REGION/DNSC/DAIO/202108240000/dnsc_2021082400_030_surf.nc
IMG|/s4/home/nimr/ukpp/public_html/images/20211021/1634779150914/Seoul_visibility_surface_2021082400_021.1634779170.png
LOAD|/s4/home/nimr/ukpp/KMAPP/PARL_TEST_REGION/DNSC/DAIO/202108240000/dnsc_2021082400_031_surf.nc
ANAL|/s4/home/nimr/ukpp/KMAPP/PARL_TEST_REGION/DNSC/DAIO/202108240000/dnsc_2021082400_031_surf.nc
IMG|/s4/home/nimr/ukpp/public_html/images/20211021/1634779150914/Seoul_visibility_surface_2021082400_022.1634779170.png
IMG|/s4/home/nimr/ukpp/public_html/images/20211021/1634779150914/Seoul_visibility_surface_2021082400_016.1634779170.png
LOAD|/s4/home/nimr/ukpp/KMAPP/PARL_TEST_REGION/DNSC/DAIO/202108240000/dnsc_2021082400_032_surf.nc
IMG|/s4/home/nimr/ukpp/public_html/images/20211021/1634779150914/Seoul_visibility_surface_2021082400_017.1634779170.png
LOAD|/s4/home/nimr/ukpp/KMAPP/PARL_TEST_REGION/DNSC/DAIO/202108240000/dnsc_2021082400_034_surf.nc
LOAD|/s4/home/nimr/ukpp/KMAPP/PARL_TEST_REGION/DNSC/DAIO/202108240000/dnsc_2021082400_033_surf.nc
ANAL|/s4/home/nimr/ukpp/KMAPP/PARL_TEST_REGION/DNSC/DAIO/202108240000/dnsc_2021082400_032_surf.nc
ANAL|/s4/home/nimr/ukpp/KMAPP/PARL_TEST_REGION/DNSC/DAIO/202108240000/dnsc_2021082400_034_surf.nc
ANAL|/s4/home/nimr/ukpp/KMAPP/PARL_TEST_REGION/DNSC/DAIO/202108240000/dnsc_2021082400_033_surf.nc
IMG|/s4/home/nimr/ukpp/public_html/images/20211021/1634779150914/Seoul_visibility_surface_2021082400_012.1634779170.png
LOAD|/s4/home/nimr/ukpp/KMAPP/PARL_TEST_REGION/DNSC/DAIO/202108240000/dnsc_2021082400_035_surf.nc
IMG|/s4/home/nimr/ukpp/public_html/images/20211021/1634779150914/Seoul_visibility_surface_2021082400_014.1634779170.png
ANAL|/s4/home/nimr/ukpp/KMAPP/PARL_TEST_REGION/DNSC/DAIO/202108240000/dnsc_2021082400_035_surf.nc
LOAD|/s4/home/nimr/ukpp/KMAPP/PARL_TEST_REGION/DNSC/DAIO/202108240000/dnsc_2021082400_036_surf.nc
ANAL|/s4/home/nimr/ukpp/KMAPP/PARL_TEST_REGION/DNSC/DAIO/202108240000/dnsc_2021082400_036_surf.nc
IMG|/s4/home/nimr/ukpp/public_html/images/20211021/1634779150914/Seoul_visibility_surface_2021082400_018.1634779170.png
LOAD|/s4/home/nimr/ukpp/KMAPP/PARL_TEST_REGION/DNSC/DAIO/202108240000/dnsc_2021082400_037_surf.nc
IMG|/s4/home/nimr/ukpp/public_html/images/20211021/1634779150914/Seoul_visibility_surface_2021082400_023.1634779170.png
LOAD|/s4/home/nimr/ukpp/KMAPP/PARL_TEST_REGION/DNSC/DAIO/202108240000/dnsc_2021082400_038_surf.nc
ANAL|/s4/home/nimr/ukpp/KMAPP/PARL_TEST_REGION/DNSC/DAIO/202108240000/dnsc_2021082400_037_surf.nc
ANAL|/s4/home/nimr/ukpp/KMAPP/PARL_TEST_REGION/DNSC/DAIO/202108240000/dnsc_2021082400_038_surf.nc
IMG|/s4/home/nimr/ukpp/public_html/images/20211021/1634779150914/Seoul_visibility_surface_2021082400_015.1634779170.png
LOAD|/s4/home/nimr/ukpp/KMAPP/PARL_TEST_REGION/DNSC/DAIO/202108240000/dnsc_2021082400_039_surf.nc
IMG|/s4/home/nimr/ukpp/public_html/images/20211021/1634779150914/Seoul_visibility_surface_2021082400_019.1634779170.png
IMG|/s4/home/nimr/ukpp/public_html/images/20211021/1634779150914/Seoul_visibility_surface_2021082400_007.1634779170.png
LOAD|/s4/home/nimr/ukpp/KMAPP/PARL_TEST_REGION/DNSC/DAIO/202108240000/dnsc_2021082400_040_surf.nc
LOAD|/s4/home/nimr/ukpp/KMAPP/PARL_TEST_REGION/DNSC/DAIO/202108240000/dnsc_2021082400_041_surf.nc
ANAL|/s4/home/nimr/ukpp/KMAPP/PARL_TEST_REGION/DNSC/DAIO/202108240000/dnsc_2021082400_039_surf.nc
ANAL|/s4/home/nimr/ukpp/KMAPP/PARL_TEST_REGION/DNSC/DAIO/202108240000/dnsc_2021082400_041_surf.nc
ANAL|/s4/home/nimr/ukpp/KMAPP/PARL_TEST_REGION/DNSC/DAIO/202108240000/dnsc_2021082400_040_surf.nc
IMG|/s4/home/nimr/ukpp/public_html/images/20211021/1634779150914/Seoul_visibility_surface_2021082400_008.1634779170.png
LOAD|/s4/home/nimr/ukpp/KMAPP/PARL_TEST_REGION/DNSC/DAIO/202108240000/dnsc_2021082400_042_surf.nc
IMG|/s4/home/nimr/ukpp/public_html/images/20211021/1634779150914/Seoul_visibility_surface_2021082400_013.1634779170.png
ANAL|/s4/home/nimr/ukpp/KMAPP/PARL_TEST_REGION/DNSC/DAIO/202108240000/dnsc_2021082400_042_surf.nc
LOAD|/s4/home/nimr/ukpp/KMAPP/PARL_TEST_REGION/DNSC/DAIO/202108240000/dnsc_2021082400_043_surf.nc
IMG|/s4/home/nimr/ukpp/public_html/images/20211021/1634779150914/Seoul_visibility_surface_2021082400_011.1634779170.png
ANAL|/s4/home/nimr/ukpp/KMAPP/PARL_TEST_REGION/DNSC/DAIO/202108240000/dnsc_2021082400_043_surf.nc
LOAD|/s4/home/nimr/ukpp/KMAPP/PARL_TEST_REGION/DNSC/DAIO/202108240000/dnsc_2021082400_044_surf.nc
ANAL|/s4/home/nimr/ukpp/KMAPP/PARL_TEST_REGION/DNSC/DAIO/202108240000/dnsc_2021082400_044_surf.nc
IMG|/s4/home/nimr/ukpp/public_html/images/20211021/1634779150914/Seoul_visibility_surface_2021082400_006.1634779170.png
LOAD|/s4/home/nimr/ukpp/KMAPP/PARL_TEST_REGION/DNSC/DAIO/202108240000/dnsc_2021082400_045_surf.nc
ANAL|/s4/home/nimr/ukpp/KMAPP/PARL_TEST_REGION/DNSC/DAIO/202108240000/dnsc_2021082400_045_surf.nc
IMG|/s4/home/nimr/ukpp/public_html/images/20211021/1634779150914/Seoul_visibility_surface_2021082400_009.1634779170.png
IMG|/s4/home/nimr/ukpp/public_html/images/20211021/1634779150914/Seoul_visibility_surface_2021082400_001.1634779170.png
LOAD|/s4/home/nimr/ukpp/KMAPP/PARL_TEST_REGION/DNSC/DAIO/202108240000/dnsc_2021082400_046_surf.nc
LOAD|/s4/home/nimr/ukpp/KMAPP/PARL_TEST_REGION/DNSC/DAIO/202108240000/dnsc_2021082400_047_surf.nc
ANAL|/s4/home/nimr/ukpp/KMAPP/PARL_TEST_REGION/DNSC/DAIO/202108240000/dnsc_2021082400_046_surf.nc
ANAL|/s4/home/nimr/ukpp/KMAPP/PARL_TEST_REGION/DNSC/DAIO/202108240000/dnsc_2021082400_047_surf.nc
IMG|/s4/home/nimr/ukpp/public_html/images/20211021/1634779150914/Seoul_visibility_surface_2021082400_003.1634779170.png
LOAD|/s4/home/nimr/ukpp/KMAPP/PARL_TEST_REGION/DNSC/DAIO/202108240000/dnsc_2021082400_048_surf.nc
ANAL|/s4/home/nimr/ukpp/KMAPP/PARL_TEST_REGION/DNSC/DAIO/202108240000/dnsc_2021082400_048_surf.nc
IMG|/s4/home/nimr/ukpp/public_html/images/20211021/1634779150914/Seoul_visibility_surface_2021082400_024.1634779170.png
IMG|/s4/home/nimr/ukpp/public_html/images/20211021/1634779150914/Seoul_visibility_surface_2021082400_005.1634779170.png
IMG|/s4/home/nimr/ukpp/public_html/images/20211021/1634779150914/Seoul_visibility_surface_2021082400_025.1634779170.png
IMG|/s4/home/nimr/ukpp/public_html/images/20211021/1634779150914/Seoul_visibility_surface_2021082400_010.1634779170.png
IMG|/s4/home/nimr/ukpp/public_html/images/20211021/1634779150914/Seoul_visibility_surface_2021082400_002.1634779170.png
IMG|/s4/home/nimr/ukpp/public_html/images/20211021/1634779150914/Seoul_visibility_surface_2021082400_004.1634779170.png
IMG|/s4/home/nimr/ukpp/public_html/images/20211021/1634779150914/Seoul_visibility_surface_2021082400_029.1634779170.png
IMG|/s4/home/nimr/ukpp/public_html/images/20211021/1634779150914/Seoul_visibility_surface_2021082400_027.1634779170.png
IMG|/s4/home/nimr/ukpp/public_html/images/20211021/1634779150914/Seoul_visibility_surface_2021082400_026.1634779170.png
IMG|/s4/home/nimr/ukpp/public_html/images/20211021/1634779150914/Seoul_visibility_surface_2021082400_028.1634779170.png
IMG|/s4/home/nimr/ukpp/public_html/images/20211021/1634779150914/Seoul_visibility_surface_2021082400_000.1634779170.png
IMG|/s4/home/nimr/ukpp/public_html/images/20211021/1634779150914/Seoul_visibility_surface_2021082400_036.1634779212.png
IMG|/s4/home/nimr/ukpp/public_html/images/20211021/1634779150914/Seoul_visibility_surface_2021082400_031.1634779211.png
IMG|/s4/home/nimr/ukpp/public_html/images/20211021/1634779150914/Seoul_visibility_surface_2021082400_039.1634779214.png
IMG|/s4/home/nimr/ukpp/public_html/images/20211021/1634779150914/Seoul_visibility_surface_2021082400_032.1634779212.png
IMG|/s4/home/nimr/ukpp/public_html/images/20211021/1634779150914/Seoul_visibility_surface_2021082400_035.1634779212.png
IMG|/s4/home/nimr/ukpp/public_html/images/20211021/1634779150914/Seoul_visibility_surface_2021082400_034.1634779212.png
IMG|/s4/home/nimr/ukpp/public_html/images/20211021/1634779150914/Seoul_visibility_surface_2021082400_030.1634779211.png
IMG|/s4/home/nimr/ukpp/public_html/images/20211021/1634779150914/Seoul_visibility_surface_2021082400_037.1634779214.png
IMG|/s4/home/nimr/ukpp/public_html/images/20211021/1634779150914/Seoul_visibility_surface_2021082400_043.1634779215.png
IMG|/s4/home/nimr/ukpp/public_html/images/20211021/1634779150914/Seoul_visibility_surface_2021082400_038.1634779214.png
IMG|/s4/home/nimr/ukpp/public_html/images/20211021/1634779150914/Seoul_visibility_surface_2021082400_033.1634779212.png
IMG|/s4/home/nimr/ukpp/public_html/images/20211021/1634779150914/Seoul_visibility_surface_2021082400_046.1634779215.png
IMG|/s4/home/nimr/ukpp/public_html/images/20211021/1634779150914/Seoul_visibility_surface_2021082400_044.1634779215.png
IMG|/s4/home/nimr/ukpp/public_html/images/20211021/1634779150914/Seoul_visibility_surface_2021082400_040.1634779214.png
IMG|/s4/home/nimr/ukpp/public_html/images/20211021/1634779150914/Seoul_visibility_surface_2021082400_042.1634779215.png
IMG|/s4/home/nimr/ukpp/public_html/images/20211021/1634779150914/Seoul_visibility_surface_2021082400_045.1634779215.png
IMG|/s4/home/nimr/ukpp/public_html/images/20211021/1634779150914/Seoul_visibility_surface_2021082400_041.1634779214.png
IMG|/s4/home/nimr/ukpp/public_html/images/20211021/1634779150914/Seoul_visibility_surface_2021082400_047.1634779216.png
IMG|/s4/home/nimr/ukpp/public_html/images/20211021/1634779150914/Seoul_visibility_surface_2021082400_048.1634779216.png
DONE|done
DONE|74.0927625
